# JRE version: OpenJDK Runtime Environment (8.0_292-b10) (build 1.8.0_292-b10)
# Java VM: OpenJDK 64-Bit Server VM (25.292-b10 mixed mode linux-aarch64 compressed oops)
Heap:
 PSYoungGen      total 27648K, used 13200K [0x00000000e6500000, 0x00000000e9000000, 0x0000000100000000)
  eden space 19968K, 39% used [0x00000000e6500000,0x00000000e6cca5b0,0x00000000e7880000)
  from space 7680K, 68% used [0x00000000e7880000,0x00000000e7d99b18,0x00000000e8000000)
  to   space 7168K, 0% used [0x00000000e8900000,0x00000000e8900000,0x00000000e9000000)
 ParOldGen       total 31232K, used 10599K [0x00000000b2e00000, 0x00000000b4c80000, 0x00000000e6500000)
  object space 31232K, 33% used [0x00000000b2e00000,0x00000000b3859e90,0x00000000b4c80000)
 Metaspace       used 28379K, capacity 30477K, committed 30592K, reserved 1075200K
  class space    used 3729K, capacity 4111K, committed 4224K, reserved 1048576K
GC Heap History (10 events):
Event: 3.997 GC heap before
{Heap before GC invocations=8 (full 1):
 PSYoungGen      total 27648K, used 4506K [0x00000000e6500000, 0x00000000e8700000, 0x0000000100000000)
  eden space 20480K, 0% used [0x00000000e6500000,0x00000000e6500000,0x00000000e7900000)
  from space 7168K, 62% used [0x00000000e7900000,0x00000000e7d66990,0x00000000e8000000)
  to   space 7168K, 0% used [0x00000000e8000000,0x00000000e8000000,0x00000000e8700000)
 ParOldGen       total 53248K, used 10484K [0x00000000b2e00000, 0x00000000b6200000, 0x00000000e6500000)
  object space 53248K, 19% used [0x00000000b2e00000,0x00000000b383d050,0x00000000b6200000)
 Metaspace       used 19834K, capacity 21165K, committed 21296K, reserved 1067008K
  class space    used 2668K, capacity 2944K, committed 2944K, reserved 1048576K
Event: 4.012 GC heap after
Heap after GC invocations=8 (full 1):
 PSYoungGen      total 27648K, used 0K [0x00000000e6500000, 0x00000000e8700000, 0x0000000100000000)
  eden space 20480K, 0% used [0x00000000e6500000,0x00000000e6500000,0x00000000e7900000)
  from space 7168K, 0% used [0x00000000e7900000,0x00000000e7900000,0x00000000e8000000)
  to   space 7168K, 0% used [0x00000000e8000000,0x00000000e8000000,0x00000000e8700000)
 ParOldGen       total 31232K, used 6892K [0x00000000b2e00000, 0x00000000b4c80000, 0x00000000e6500000)
  object space 31232K, 22% used [0x00000000b2e00000,0x00000000b34bb110,0x00000000b4c80000)
 Metaspace       used 19834K, capacity 21165K, committed 21296K, reserved 1067008K
  class space    used 2668K, capacity 2944K, committed 2944K, reserved 1048576K
}
Event: 4.474 GC heap before
{Heap before GC invocations=9 (full 1):
 PSYoungGen      total 27648K, used 20480K [0x00000000e6500000, 0x00000000e8700000, 0x0000000100000000)
  eden space 20480K, 100% used [0x00000000e6500000,0x00000000e7900000,0x00000000e7900000)
  from space 7168K, 0% used [0x00000000e7900000,0x00000000e7900000,0x00000000e8000000)
  to   space 7168K, 0% used [0x00000000e8000000,0x00000000e8000000,0x00000000e8700000)
 ParOldGen       total 31232K, used 6892K [0x00000000b2e00000, 0x00000000b4c80000, 0x00000000e6500000)
  object space 31232K, 22% used [0x00000000b2e00000,0x00000000b34bb110,0x00000000b4c80000)
 Metaspace       used 22358K, capacity 23929K, committed 24064K, reserved 1071104K
  class space    used 2973K, capacity 3277K, committed 3328K, reserved 1048576K
Event: 4.475 GC heap after
Heap after GC invocations=9 (full 1):
 PSYoungGen      total 27648K, used 3193K [0x00000000e6500000, 0x00000000e8700000, 0x0000000100000000)
  eden space 20480K, 0% used [0x00000000e6500000,0x00000000e6500000,0x00000000e7900000)
  from space 7168K, 44% used [0x00000000e8000000,0x00000000e831e6e0,0x00000000e8700000)
  to   space 7168K, 0% used [0x00000000e7900000,0x00000000e7900000,0x00000000e8000000)
 ParOldGen       total 31232K, used 6900K [0x00000000b2e00000, 0x00000000b4c80000, 0x00000000e6500000)
  object space 31232K, 22% used [0x00000000b2e00000,0x00000000b34bd110,0x00000000b4c80000)
 Metaspace       used 22358K, capacity 23929K, committed 24064K, reserved 1071104K
  class space    used 2973K, capacity 3277K, committed 3328K, reserved 1048576K
}
Event: 5.117 GC heap before
{Heap before GC invocations=10 (full 1):
 PSYoungGen      total 27648K, used 23673K [0x00000000e6500000, 0x00000000e8700000, 0x0000000100000000)
  eden space 20480K, 100% used [0x00000000e6500000,0x00000000e7900000,0x00000000e7900000)
  from space 7168K, 44% used [0x00000000e8000000,0x00000000e831e6e0,0x00000000e8700000)
  to   space 7168K, 0% used [0x00000000e7900000,0x00000000e7900000,0x00000000e8000000)
 ParOldGen       total 31232K, used 6900K [0x00000000b2e00000, 0x00000000b4c80000, 0x00000000e6500000)
  object space 31232K, 22% used [0x00000000b2e00000,0x00000000b34bd110,0x00000000b4c80000)
 Metaspace       used 24387K, capacity 26185K, committed 26496K, reserved 1073152K
  class space    used 3260K, capacity 3607K, committed 3712K, reserved 1048576K
Event: 5.119 GC heap after
Heap after GC invocations=10 (full 1):
 PSYoungGen      total 27648K, used 4738K [0x00000000e6500000, 0x00000000e8700000, 0x0000000100000000)
  eden space 20480K, 0% used [0x00000000e6500000,0x00000000e6500000,0x00000000e7900000)
  from space 7168K, 66% used [0x00000000e7900000,0x00000000e7da0b28,0x00000000e8000000)
  to   space 7168K, 0% used [0x00000000e8000000,0x00000000e8000000,0x00000000e8700000)
 ParOldGen       total 31232K, used 6908K [0x00000000b2e00000, 0x00000000b4c80000, 0x00000000e6500000)
  object space 31232K, 22% used [0x00000000b2e00000,0x00000000b34bf110,0x00000000b4c80000)
 Metaspace       used 24387K, capacity 26185K, committed 26496K, reserved 1073152K
  class space    used 3260K, capacity 3607K, committed 3712K, reserved 1048576K
}
Event: 11.181 GC heap before
{Heap before GC invocations=11 (full 1):
 PSYoungGen      total 27648K, used 25218K [0x00000000e6500000, 0x00000000e8700000, 0x0000000100000000)
  eden space 20480K, 100% used [0x00000000e6500000,0x00000000e7900000,0x00000000e7900000)
  from space 7168K, 66% used [0x00000000e7900000,0x00000000e7da0b28,0x00000000e8000000)
  to   space 7168K, 0% used [0x00000000e8000000,0x00000000e8000000,0x00000000e8700000)
 ParOldGen       total 31232K, used 6908K [0x00000000b2e00000, 0x00000000b4c80000, 0x00000000e6500000)
  object space 31232K, 22% used [0x00000000b2e00000,0x00000000b34bf110,0x00000000b4c80000)
 Metaspace       used 27667K, capacity 29675K, committed 29952K, reserved 1075200K
  class space    used 3669K, capacity 4040K, committed 4096K, reserved 1048576K
Event: 11.184 GC heap after
Heap after GC invocations=11 (full 1):
 PSYoungGen      total 27136K, used 6776K [0x00000000e6500000, 0x00000000e8800000, 0x0000000100000000)
  eden space 19968K, 0% used [0x00000000e6500000,0x00000000e6500000,0x00000000e7880000)
  from space 7168K, 94% used [0x00000000e8000000,0x00000000e869e060,0x00000000e8700000)
  to   space 7680K, 0% used [0x00000000e7880000,0x00000000e7880000,0x00000000e8000000)
 ParOldGen       total 31232K, used 10599K [0x00000000b2e00000, 0x00000000b4c80000, 0x00000000e6500000)
  object space 31232K, 33% used [0x00000000b2e00000,0x00000000b3859e90,0x00000000b4c80000)
 Metaspace       used 27667K, capacity 29675K, committed 29952K, reserved 1075200K
  class space    used 3669K, capacity 4040K, committed 4096K, reserved 1048576K
}
Event: 11.240 GC heap before
{Heap before GC invocations=12 (full 1):
 PSYoungGen      total 27136K, used 26744K [0x00000000e6500000, 0x00000000e8800000, 0x0000000100000000)
  eden space 19968K, 100% used [0x00000000e6500000,0x00000000e7880000,0x00000000e7880000)
  from space 7168K, 94% used [0x00000000e8000000,0x00000000e869e060,0x00000000e8700000)
  to   space 7680K, 0% used [0x00000000e7880000,0x00000000e7880000,0x00000000e8000000)
 ParOldGen       total 31232K, used 10599K [0x00000000b2e00000, 0x00000000b4c80000, 0x00000000e6500000)
  object space 31232K, 33% used [0x00000000b2e00000,0x00000000b3859e90,0x00000000b4c80000)
 Metaspace       used 27670K, capacity 29675K, committed 29952K, reserved 1075200K
  class space    used 3669K, capacity 4040K, committed 4096K, reserved 1048576K
Event: 11.242 GC heap after
Heap after GC invocations=12 (full 1):
 PSYoungGen      total 27648K, used 5222K [0x00000000e6500000, 0x00000000e9000000, 0x0000000100000000)
  eden space 19968K, 0% used [0x00000000e6500000,0x00000000e6500000,0x00000000e7880000)
  from space 7680K, 68% used [0x00000000e7880000,0x00000000e7d99b18,0x00000000e8000000)
  to   space 7168K, 0% used [0x00000000e8900000,0x00000000e8900000,0x00000000e9000000)
 ParOldGen       total 31232K, used 10599K [0x00000000b2e00000, 0x00000000b4c80000, 0x00000000e6500000)
  object space 31232K, 33% used [0x00000000b2e00000,0x00000000b3859e90,0x00000000b4c80000)
 Metaspace       used 27670K, capacity 29675K, committed 29952K, reserved 1075200K
  class space    used 3669K, capacity 4040K, committed 4096K, reserved 1048576K
}

